[21:37:49][request] Request: GET /controllers/appointment/appointment_actions.php?appointment_id=3
[21:37:49][request] GET params: {"appointment_id":"3"}
[21:37:49][request] Raw POST data: 
[21:37:49][info] Cấu trúc bảng appointments: {"id":"int","user_id":"int","service_id":"int","doctor_user_id":"int","patient_name":"varchar(100)","appointment_date":"datetime","status":"enum('pending','confirmed','completed','canceled')","note":"text","created_at":"timestamp"}
[21:37:49][info] Xử lý yêu cầu lấy chi tiết lịch hẹn ID: 3
[21:37:49][info] SQL query: SELECT a.* , u.name as doctor_name , s.name as service_name, s.price  FROM appointments a  LEFT JOIN users u ON a.user_id = u.id  LEFT JOIN services s ON a.service_id = s.id  WHERE a.id = :appointment_id LIMIT 1
[21:37:49][info] Lấy dữ liệu lịch hẹn thành công: {"id":3,"user_id":6,"service_id":1,"doctor_user_id":5,"patient_name":"Gay","appointment_date":"2023-04-08 14:30:00","status":"pending","note":"B\u00e1c s\u0129: Nguy\u1ec5n \u0110\u1ee9c Gia B\u1ea3o (ID: 5)\nT\u00ean: Gay\nGi\u1edbi t\u00ednh: Nam\n\u0110i\u1ec7n tho\u1ea1i: 0912487313\nEmail: ssimalamini@outlook.com.vn\nN\u0103m sinh: 2004\n\u0110\u1ecba ch\u1ec9: nh\u00e0 th\u1eb1ng b\u1ed1 m\u00e0y, Qu\u1eadn 7, TP. H\u1ed3 Ch\u00ed Minh\nL\u00fd do kh\u00e1m: C\u1eb7c to vc\n","created_at":"2025-05-06 04:37:15","doctor_name":"ssimalamini","service_name":"Kh\u00e1m t\u1ed5ng qu\u00e1t","price":"500000.00","formatted_date":"08\/04\/2023"}
[21:37:51][request] Request: GET /controllers/appointment/appointment_actions.php?appointment_id=4
[21:37:51][request] GET params: {"appointment_id":"4"}
[21:37:51][request] Raw POST data: 
[21:37:51][info] Cấu trúc bảng appointments: {"id":"int","user_id":"int","service_id":"int","doctor_user_id":"int","patient_name":"varchar(100)","appointment_date":"datetime","status":"enum('pending','confirmed','completed','canceled')","note":"text","created_at":"timestamp"}
[21:37:51][info] Xử lý yêu cầu lấy chi tiết lịch hẹn ID: 4
[21:37:51][info] SQL query: SELECT a.* , u.name as doctor_name , s.name as service_name, s.price  FROM appointments a  LEFT JOIN users u ON a.user_id = u.id  LEFT JOIN services s ON a.service_id = s.id  WHERE a.id = :appointment_id LIMIT 1
[21:37:51][info] Lấy dữ liệu lịch hẹn thành công: {"id":4,"user_id":6,"service_id":1,"doctor_user_id":5,"patient_name":"Gay","appointment_date":"2023-04-08 14:30:00","status":"pending","note":"B\u00e1c s\u0129: Nguy\u1ec5n \u0110\u1ee9c Gia B\u1ea3o (ID: 5)\nT\u00ean: Gay\nGi\u1edbi t\u00ednh: Nam\n\u0110i\u1ec7n tho\u1ea1i: 0912487313\nEmail: ssimalamini@outlook.com.vn\nN\u0103m sinh: 2004\n\u0110\u1ecba ch\u1ec9: nh\u00e0 th\u1eb1ng b\u1ed1 m\u00e0y, Qu\u1eadn 7, TP. H\u1ed3 Ch\u00ed Minh\nL\u00fd do kh\u00e1m: C\u1eb7c to vc\n","created_at":"2025-05-06 04:37:15","doctor_name":"ssimalamini","service_name":"Kh\u00e1m t\u1ed5ng qu\u00e1t","price":"500000.00","formatted_date":"08\/04\/2023"}
[21:38:26][request] Request: GET /controllers/appointment/appointment_actions.php?appointment_id=3
[21:38:26][request] GET params: {"appointment_id":"3"}
[21:38:26][request] Raw POST data: 
[21:38:26][info] Cấu trúc bảng appointments: {"id":"int","user_id":"int","service_id":"int","doctor_user_id":"int","patient_name":"varchar(100)","appointment_date":"datetime","status":"enum('pending','confirmed','completed','canceled')","note":"text","created_at":"timestamp"}
[21:38:26][info] Xử lý yêu cầu lấy chi tiết lịch hẹn ID: 3
[21:38:26][info] SQL query: SELECT a.* , u.name as doctor_name , s.name as service_name, s.price  FROM appointments a  LEFT JOIN users u ON a.user_id = u.id  LEFT JOIN services s ON a.service_id = s.id  WHERE a.id = :appointment_id LIMIT 1
[21:38:26][info] Lấy dữ liệu lịch hẹn thành công: {"id":3,"user_id":6,"service_id":1,"doctor_user_id":5,"patient_name":"Gay","appointment_date":"2023-04-08 14:30:00","status":"pending","note":"B\u00e1c s\u0129: Nguy\u1ec5n \u0110\u1ee9c Gia B\u1ea3o (ID: 5)\nT\u00ean: Gay\nGi\u1edbi t\u00ednh: Nam\n\u0110i\u1ec7n tho\u1ea1i: 0912487313\nEmail: ssimalamini@outlook.com.vn\nN\u0103m sinh: 2004\n\u0110\u1ecba ch\u1ec9: nh\u00e0 th\u1eb1ng b\u1ed1 m\u00e0y, Qu\u1eadn 7, TP. H\u1ed3 Ch\u00ed Minh\nL\u00fd do kh\u00e1m: C\u1eb7c to vc\n","created_at":"2025-05-06 04:37:15","doctor_name":"ssimalamini","service_name":"Kh\u00e1m t\u1ed5ng qu\u00e1t","price":"500000.00","formatted_date":"08\/04\/2023"}
[21:38:32][request] Request: GET /controllers/appointment/appointment_actions.php?appointment_id=3
[21:38:32][request] GET params: {"appointment_id":"3"}
[21:38:32][request] Raw POST data: 
[21:38:32][info] Cấu trúc bảng appointments: {"id":"int","user_id":"int","service_id":"int","doctor_user_id":"int","patient_name":"varchar(100)","appointment_date":"datetime","status":"enum('pending','confirmed','completed','canceled')","note":"text","created_at":"timestamp"}
[21:38:32][info] Xử lý yêu cầu lấy chi tiết lịch hẹn ID: 3
[21:38:32][info] SQL query: SELECT a.* , u.name as doctor_name , s.name as service_name, s.price  FROM appointments a  LEFT JOIN users u ON a.user_id = u.id  LEFT JOIN services s ON a.service_id = s.id  WHERE a.id = :appointment_id LIMIT 1
[21:38:32][info] Lấy dữ liệu lịch hẹn thành công: {"id":3,"user_id":6,"service_id":1,"doctor_user_id":5,"patient_name":"Gay","appointment_date":"2023-04-08 14:30:00","status":"confirmed","note":"B\u00e1c s\u0129: Nguy\u1ec5n \u0110\u1ee9c Gia B\u1ea3o (ID: 5)\nT\u00ean: Gay\nGi\u1edbi t\u00ednh: Nam\n\u0110i\u1ec7n tho\u1ea1i: 0912487313\nEmail: ssimalamini@outlook.com.vn\nN\u0103m sinh: 2004\n\u0110\u1ecba ch\u1ec9: nh\u00e0 th\u1eb1ng b\u1ed1 m\u00e0y, Qu\u1eadn 7, TP. H\u1ed3 Ch\u00ed Minh\nL\u00fd do kh\u00e1m: C\u1eb7c to vc\n","created_at":"2025-05-06 04:37:15","doctor_name":"ssimalamini","service_name":"Kh\u00e1m t\u1ed5ng qu\u00e1t","price":"500000.00","formatted_date":"08\/04\/2023"}
[21:38:42][request] Request: GET /controllers/appointment/appointment_actions.php?appointment_id=4
[21:38:42][request] GET params: {"appointment_id":"4"}
[21:38:42][request] Raw POST data: 
[21:38:42][info] Cấu trúc bảng appointments: {"id":"int","user_id":"int","service_id":"int","doctor_user_id":"int","patient_name":"varchar(100)","appointment_date":"datetime","status":"enum('pending','confirmed','completed','canceled')","note":"text","created_at":"timestamp"}
[21:38:42][info] Xử lý yêu cầu lấy chi tiết lịch hẹn ID: 4
[21:38:42][info] SQL query: SELECT a.* , u.name as doctor_name , s.name as service_name, s.price  FROM appointments a  LEFT JOIN users u ON a.user_id = u.id  LEFT JOIN services s ON a.service_id = s.id  WHERE a.id = :appointment_id LIMIT 1
[21:38:42][info] Lấy dữ liệu lịch hẹn thành công: {"id":4,"user_id":6,"service_id":1,"doctor_user_id":5,"patient_name":"Gay","appointment_date":"2023-04-08 14:30:00","status":"canceled","note":"B\u00e1c s\u0129: Nguy\u1ec5n \u0110\u1ee9c Gia B\u1ea3o (ID: 5)\nT\u00ean: Gay\nGi\u1edbi t\u00ednh: Nam\n\u0110i\u1ec7n tho\u1ea1i: 0912487313\nEmail: ssimalamini@outlook.com.vn\nN\u0103m sinh: 2004\n\u0110\u1ecba ch\u1ec9: nh\u00e0 th\u1eb1ng b\u1ed1 m\u00e0y, Qu\u1eadn 7, TP. H\u1ed3 Ch\u00ed Minh\nL\u00fd do kh\u00e1m: C\u1eb7c to vc\n","created_at":"2025-05-06 04:37:15","doctor_name":"ssimalamini","service_name":"Kh\u00e1m t\u1ed5ng qu\u00e1t","price":"500000.00","formatted_date":"08\/04\/2023"}
